2025-04-22 11:35:08,600 [INFO] === Starting Performance Measurement ===
2025-04-22 11:35:08,600 [INFO] Target App URL: http://127.0.0.1:5000/get-owners-powder
2025-04-22 11:35:08,601 [INFO] Test Collection: 0x79FCDEF22feeD20eDDacbB2587640e45491b757f
2025-04-22 11:35:08,601 [INFO] Number of runs: 3
2025-04-22 11:35:08,601 [INFO] --- Run 1/3 ---
2025-04-22 11:35:08,601 [INFO] Starting test run for collection: 0x79FCDEF22feeD20eDDacbB2587640e45491b757f
2025-04-22 11:35:13,463 [INFO] Test run SUCCESSFUL for 0x79FCDEF22feeD20eDDacbB2587640e45491b757f. Duration: 4.86 seconds.
2025-04-22 11:35:15,464 [INFO] --- Run 2/3 ---
2025-04-22 11:35:15,474 [INFO] Starting test run for collection: 0x79FCDEF22feeD20eDDacbB2587640e45491b757f
2025-04-22 11:35:18,920 [INFO] Test run SUCCESSFUL for 0x79FCDEF22feeD20eDDacbB2587640e45491b757f. Duration: 3.45 seconds.
2025-04-22 11:35:20,921 [INFO] --- Run 3/3 ---
2025-04-22 11:35:20,921 [INFO] Starting test run for collection: 0x79FCDEF22feeD20eDDacbB2587640e45491b757f
2025-04-22 11:35:24,379 [INFO] Test run SUCCESSFUL for 0x79FCDEF22feeD20eDDacbB2587640e45491b757f. Duration: 3.46 seconds.
2025-04-22 11:35:26,380 [INFO] === Performance Measurement Summary ===
2025-04-22 11:35:26,380 [INFO] Successful runs: 3/3
2025-04-22 11:35:26,380 [INFO] Average Duration: 3.92 seconds
2025-04-22 11:35:26,380 [INFO] Min Duration: 3.45 seconds
2025-04-22 11:35:26,380 [INFO] Max Duration: 4.86 seconds
2025-04-22 11:35:26,380 [INFO] === Performance Measurement Finished ===
2025-04-22 11:44:05,944 [INFO] === Starting Performance Measurement ===
2025-04-22 11:44:05,945 [INFO] Target App URL: http://127.0.0.1:5000/get-owners-powder
2025-04-22 11:44:05,945 [INFO] Test Collection: 0x79FCDEF22feeD20eDDacbB2587640e45491b757f
2025-04-22 11:44:05,945 [INFO] Number of runs: 3
2025-04-22 11:44:05,945 [INFO] --- Run 1/3 ---
2025-04-22 11:44:05,947 [INFO] Starting test run for collection: 0x79FCDEF22feeD20eDDacbB2587640e45491b757f
2025-04-22 11:44:06,161 [INFO] Test run SUCCESSFUL for 0x79FCDEF22feeD20eDDacbB2587640e45491b757f. Duration: 0.21 seconds.
2025-04-22 11:44:08,162 [INFO] --- Run 2/3 ---
2025-04-22 11:44:08,162 [INFO] Starting test run for collection: 0x79FCDEF22feeD20eDDacbB2587640e45491b757f
2025-04-22 11:44:08,250 [INFO] Test run SUCCESSFUL for 0x79FCDEF22feeD20eDDacbB2587640e45491b757f. Duration: 0.09 seconds.
2025-04-22 11:44:10,250 [INFO] --- Run 3/3 ---
2025-04-22 11:44:10,250 [INFO] Starting test run for collection: 0x79FCDEF22feeD20eDDacbB2587640e45491b757f
2025-04-22 11:44:10,333 [INFO] Test run SUCCESSFUL for 0x79FCDEF22feeD20eDDacbB2587640e45491b757f. Duration: 0.08 seconds.
2025-04-22 11:44:12,334 [INFO] === Performance Measurement Summary ===
2025-04-22 11:44:12,334 [INFO] Successful runs: 3/3
2025-04-22 11:44:12,334 [INFO] Average Duration: 0.13 seconds
2025-04-22 11:44:12,335 [INFO] Min Duration: 0.08 seconds
2025-04-22 11:44:12,335 [INFO] Max Duration: 0.21 seconds
2025-04-22 11:44:12,335 [INFO] === Performance Measurement Finished ===
2025-04-22 11:47:01,312 [INFO] === Starting Performance Measurement ===
2025-04-22 11:47:01,312 [INFO] Target App URL: http://127.0.0.1:5000/get-owners-powder
2025-04-22 11:47:01,313 [INFO] Test Collection: 0x79FCDEF22feeD20eDDacbB2587640e45491b757f
2025-04-22 11:47:01,313 [INFO] Number of runs: 3
2025-04-22 11:47:01,313 [INFO] --- Run 1/3 ---
2025-04-22 11:47:01,313 [INFO] Starting test run for collection: 0x79FCDEF22feeD20eDDacbB2587640e45491b757f
2025-04-22 11:47:01,538 [INFO] Test run SUCCESSFUL for 0x79FCDEF22feeD20eDDacbB2587640e45491b757f. Duration: 0.22 seconds.
2025-04-22 11:47:03,539 [INFO] --- Run 2/3 ---
2025-04-22 11:47:03,539 [INFO] Starting test run for collection: 0x79FCDEF22feeD20eDDacbB2587640e45491b757f
2025-04-22 11:47:03,634 [INFO] Test run SUCCESSFUL for 0x79FCDEF22feeD20eDDacbB2587640e45491b757f. Duration: 0.10 seconds.
2025-04-22 11:47:05,636 [INFO] --- Run 3/3 ---
2025-04-22 11:47:05,636 [INFO] Starting test run for collection: 0x79FCDEF22feeD20eDDacbB2587640e45491b757f
2025-04-22 11:47:05,727 [INFO] Test run SUCCESSFUL for 0x79FCDEF22feeD20eDDacbB2587640e45491b757f. Duration: 0.09 seconds.
2025-04-22 11:47:07,728 [INFO] === Performance Measurement Summary ===
2025-04-22 11:47:07,728 [INFO] Successful runs: 3/3
2025-04-22 11:47:07,729 [INFO] Average Duration: 0.14 seconds
2025-04-22 11:47:07,729 [INFO] Min Duration: 0.09 seconds
2025-04-22 11:47:07,729 [INFO] Max Duration: 0.22 seconds
2025-04-22 11:47:07,729 [INFO] === Performance Measurement Finished ===
2025-04-22 11:49:06,001 [INFO] === Starting Performance Measurement ===
2025-04-22 11:49:06,001 [INFO] Target App URL: http://127.0.0.1:5000/get-owners-powder
2025-04-22 11:49:06,001 [INFO] Test Collection: 0x79FCDEF22feeD20eDDacbB2587640e45491b757f
2025-04-22 11:49:06,001 [INFO] Number of runs: 3
2025-04-22 11:49:06,001 [INFO] --- Run 1/3 ---
2025-04-22 11:49:06,001 [INFO] Starting test run for collection: 0x79FCDEF22feeD20eDDacbB2587640e45491b757f
2025-04-22 11:49:06,946 [INFO] Test run SUCCESSFUL for 0x79FCDEF22feeD20eDDacbB2587640e45491b757f. Duration: 0.94 seconds.
2025-04-22 11:49:08,947 [INFO] --- Run 2/3 ---
2025-04-22 11:49:08,947 [INFO] Starting test run for collection: 0x79FCDEF22feeD20eDDacbB2587640e45491b757f
2025-04-22 11:49:09,027 [INFO] Test run SUCCESSFUL for 0x79FCDEF22feeD20eDDacbB2587640e45491b757f. Duration: 0.08 seconds.
2025-04-22 11:49:11,028 [INFO] --- Run 3/3 ---
2025-04-22 11:49:11,029 [INFO] Starting test run for collection: 0x79FCDEF22feeD20eDDacbB2587640e45491b757f
2025-04-22 11:49:11,114 [INFO] Test run SUCCESSFUL for 0x79FCDEF22feeD20eDDacbB2587640e45491b757f. Duration: 0.09 seconds.
2025-04-22 11:49:13,115 [INFO] === Performance Measurement Summary ===
2025-04-22 11:49:13,115 [INFO] Successful runs: 3/3
2025-04-22 11:49:13,115 [INFO] Average Duration: 0.37 seconds
2025-04-22 11:49:13,115 [INFO] Min Duration: 0.08 seconds
2025-04-22 11:49:13,117 [INFO] Max Duration: 0.94 seconds
2025-04-22 11:49:13,117 [INFO] === Performance Measurement Finished ===
2025-04-22 11:51:23,175 [INFO] === Starting Performance Measurement ===
2025-04-22 11:51:23,175 [INFO] Target App URL: http://127.0.0.1:5000/get-owners-powder
2025-04-22 11:51:23,175 [INFO] Test Collection: 0x79FCDEF22feeD20eDDacbB2587640e45491b757f
2025-04-22 11:51:23,175 [INFO] Number of runs: 3
2025-04-22 11:51:23,176 [INFO] --- Run 1/3 ---
2025-04-22 11:51:23,176 [INFO] Starting test run for collection: 0x79FCDEF22feeD20eDDacbB2587640e45491b757f
2025-04-22 11:51:23,500 [INFO] Test run SUCCESSFUL for 0x79FCDEF22feeD20eDDacbB2587640e45491b757f. Duration: 0.32 seconds.
2025-04-22 11:51:25,501 [INFO] --- Run 2/3 ---
2025-04-22 11:51:25,501 [INFO] Starting test run for collection: 0x79FCDEF22feeD20eDDacbB2587640e45491b757f
2025-04-22 11:51:25,794 [INFO] Test run SUCCESSFUL for 0x79FCDEF22feeD20eDDacbB2587640e45491b757f. Duration: 0.29 seconds.
2025-04-22 11:51:27,795 [INFO] --- Run 3/3 ---
2025-04-22 11:51:27,795 [INFO] Starting test run for collection: 0x79FCDEF22feeD20eDDacbB2587640e45491b757f
2025-04-22 11:51:28,106 [INFO] Test run SUCCESSFUL for 0x79FCDEF22feeD20eDDacbB2587640e45491b757f. Duration: 0.31 seconds.
2025-04-22 11:51:30,108 [INFO] === Performance Measurement Summary ===
2025-04-22 11:51:30,108 [INFO] Successful runs: 3/3
2025-04-22 11:51:30,108 [INFO] Average Duration: 0.31 seconds
2025-04-22 11:51:30,108 [INFO] Min Duration: 0.29 seconds
2025-04-22 11:51:30,109 [INFO] Max Duration: 0.32 seconds
2025-04-22 11:51:30,109 [INFO] === Performance Measurement Finished ===
2025-07-21 14:28:31,658 [INFO] === Starting Performance Measurement ===
2025-07-21 14:28:31,658 [INFO] Target App URL: http://127.0.0.1:5000/get-owners-powder
2025-07-21 14:28:31,658 [INFO] Test Collection: 0x79FCDEF22feeD20eDDacbB2587640e45491b757f
2025-07-21 14:28:31,658 [INFO] Number of runs: 3
2025-07-21 14:28:31,659 [INFO] --- Run 1/3 ---
2025-07-21 14:28:31,659 [INFO] Starting test run for collection: 0x79FCDEF22feeD20eDDacbB2587640e45491b757f
2025-07-21 14:28:31,660 [ERROR] Test run FAILED for 0x79FCDEF22feeD20eDDacbB2587640e45491b757f. Request error: HTTPConnectionPool(host='127.0.0.1', port=5000): Max retries exceeded with url: /get-owners-powder (Caused by NewConnectionError('<urllib3.connection.HTTPConnection object at 0x7a465d7a29f0>: Failed to establish a new connection: [Errno 111] Connection refused'))
2025-07-21 14:28:33,661 [INFO] --- Run 2/3 ---
2025-07-21 14:28:33,661 [INFO] Starting test run for collection: 0x79FCDEF22feeD20eDDacbB2587640e45491b757f
2025-07-21 14:28:33,662 [ERROR] Test run FAILED for 0x79FCDEF22feeD20eDDacbB2587640e45491b757f. Request error: HTTPConnectionPool(host='127.0.0.1', port=5000): Max retries exceeded with url: /get-owners-powder (Caused by NewConnectionError('<urllib3.connection.HTTPConnection object at 0x7a465d532540>: Failed to establish a new connection: [Errno 111] Connection refused'))
2025-07-21 14:28:35,662 [INFO] --- Run 3/3 ---
2025-07-21 14:28:35,663 [INFO] Starting test run for collection: 0x79FCDEF22feeD20eDDacbB2587640e45491b757f
2025-07-21 14:28:35,664 [ERROR] Test run FAILED for 0x79FCDEF22feeD20eDDacbB2587640e45491b757f. Request error: HTTPConnectionPool(host='127.0.0.1', port=5000): Max retries exceeded with url: /get-owners-powder (Caused by NewConnectionError('<urllib3.connection.HTTPConnection object at 0x7a465d532bd0>: Failed to establish a new connection: [Errno 111] Connection refused'))
2025-07-21 14:28:37,665 [WARNING] === Performance Measurement Summary ===
2025-07-21 14:28:37,666 [WARNING] No successful runs completed.
2025-07-21 14:28:37,666 [INFO] === Performance Measurement Finished ===
2025-07-21 14:30:55,191 [INFO] === Starting Performance Measurement ===
2025-07-21 14:30:55,192 [INFO] Target App URL: http://127.0.0.1:5000/get-owners-powder
2025-07-21 14:30:55,192 [INFO] Test Collection: 0x79FCDEF22feeD20eDDacbB2587640e45491b757f
2025-07-21 14:30:55,192 [INFO] Number of runs: 3
2025-07-21 14:30:55,192 [INFO] --- Run 1/3 ---
2025-07-21 14:30:55,192 [INFO] Starting test run for collection: 0x79FCDEF22feeD20eDDacbB2587640e45491b757f
2025-07-21 14:31:30,439 [INFO] Test run SUCCESSFUL for 0x79FCDEF22feeD20eDDacbB2587640e45491b757f. Duration: 35.25 seconds.
2025-07-21 14:31:32,439 [INFO] --- Run 2/3 ---
2025-07-21 14:31:32,439 [INFO] Starting test run for collection: 0x79FCDEF22feeD20eDDacbB2587640e45491b757f
2025-07-21 14:31:40,025 [INFO] Test run SUCCESSFUL for 0x79FCDEF22feeD20eDDacbB2587640e45491b757f. Duration: 7.59 seconds.
2025-07-21 14:31:42,025 [INFO] --- Run 3/3 ---
2025-07-21 14:31:42,026 [INFO] Starting test run for collection: 0x79FCDEF22feeD20eDDacbB2587640e45491b757f
2025-07-21 14:31:53,005 [INFO] Test run SUCCESSFUL for 0x79FCDEF22feeD20eDDacbB2587640e45491b757f. Duration: 10.98 seconds.
2025-07-21 14:31:55,005 [INFO] === Performance Measurement Summary ===
2025-07-21 14:31:55,005 [INFO] Successful runs: 3/3
2025-07-21 14:31:55,006 [INFO] Average Duration: 17.94 seconds
2025-07-21 14:31:55,006 [INFO] Min Duration: 7.59 seconds
2025-07-21 14:31:55,006 [INFO] Max Duration: 35.25 seconds
2025-07-21 14:31:55,006 [INFO] === Performance Measurement Finished ===
